<?xml version="1.0" encoding="UTF-8"?>
<!-- Generated by org.testng.reporters.JUnitReportReporter -->
<testsuite skipped="0" hostname="Naumans-PC" name="com.restful.booker.restfulcurdtest.RestfulCURDTest" tests="6" failures="0" timestamp="2023-01-03T01:34:32 GMT" time="25.262" errors="0">
  <testcase name="test003" time="3.769" classname="com.restful.booker.restfulcurdtest.RestfulCURDTest"/>
  <system-out/>
  <testcase name="test001" time="2.557" classname="com.restful.booker.restfulcurdtest.RestfulCURDTest"/>
  <system-out/>
  <testcase name="test002" time="3.116" classname="com.restful.booker.restfulcurdtest.RestfulCURDTest"/>
  <system-out/>
  <testcase name="test004" time="4.301" classname="com.restful.booker.restfulcurdtest.RestfulCURDTest"/>
  <system-out/>
  <testcase name="test005" time="5.240" classname="com.restful.booker.restfulcurdtest.RestfulCURDTest"/>
  <system-out/>
  <testcase name="test006" time="6.279" classname="com.restful.booker.restfulcurdtest.RestfulCURDTest"/>
  <system-out/>
</testsuite> <!-- com.restful.booker.restfulcurdtest.RestfulCURDTest -->
